<?xml version="1.0" encoding="UTF-8"?>
<!-- Generated by org.testng.reporters.JUnitReportReporter -->
<testsuite hostname="DESKTOP-GE6LMT5" failures="0" tests="3" name="Test.JioHospitility" time="116.285" errors="0" timestamp="2025-08-11T15:27:48 IST" skipped="1">
  <testcase classname="Test.JioHospitility" name="testcase01" time="103.304"/>
  <testcase classname="Test.JioHospitility" name="subProperty" time="12.981"/>
  <testcase classname="Test.JioHospitility" name="navigationToSubProperty">
    <skipped/>
  </testcase> <!-- navigationToSubProperty -->
</testsuite> <!-- Test.JioHospitility -->
