<?xml version="1.0" encoding="UTF-8"?>
<!-- Generated by org.testng.reporters.JUnitReportReporter -->
<testsuite hostname="DESKTOP-HVK5D40" failures="0" tests="1" name="Test.ProperTest.TestCase02" time="17.295" errors="0" timestamp="2025-10-30T16:54:39 IST" skipped="0">
  <testcase classname="Test.ProperTest.TestCase02" name="test06" time="17.295"/>
</testsuite> <!-- Test.ProperTest.TestCase02 -->
